<?xml version="1.0" encoding="UTF-8"?>
<!-- Generated by org.testng.reporters.JUnitXMLReporter -->
<testsuite ignored="0" hostname="manash-PC" failures="0" tests="7" name="Surefire test" time="0.49" errors="0" timestamp="2022-07-30T00:49:38 IST">
  <testcase classname="qacomp.mavenTest.Test1" name="Loginvalidate" time="0.073"/>
  <testcase classname="qacomp.mavenTest.Test2" name="LoginPage3" time="0.0"/>
  <testcase classname="qacomp.mavenTest.Test3" name="loginTest2" time="0.0"/>
  <testcase classname="qacomp.mavenTest.Test4" name="test4" time="0.0"/>
  <testcase classname="qacomp.mavenTest.Test5" name="LoginTest" time="0.0"/>
  <testcase classname="qacomp.mavenTest.Test6" name="BrowserAutomation" time="0.0"/>
  <testcase classname="qacomp.mavenTest.Test7" name="ManashTest2" time="0.0"/>
</testsuite> <!-- Surefire test -->
