<?xml version="1.0" encoding="UTF-8"?>
<testng-results ignored="0" total="1" passed="1" failed="0" skipped="0">
  <reporter-output>
  </reporter-output>
  <suite started-at="2022-07-26T02:05:18 IST" name="Default suite" finished-at="2022-07-26T02:05:18 IST" duration-ms="86">
    <groups>
    </groups>
    <test started-at="2022-07-26T02:05:18 IST" name="Default test" finished-at="2022-07-26T02:05:18 IST" duration-ms="86">
      <class name="qacomp.mavenTest.SeleniumTest">
        <test-method signature="BrowserAutomation()[pri:0, instance:qacomp.mavenTest.SeleniumTest@10feca44]" started-at="2022-07-26T02:05:18 IST" name="BrowserAutomation" finished-at="2022-07-26T02:05:18 IST" duration-ms="16" status="PASS">
          <reporter-output>
          </reporter-output>
        </test-method> <!-- BrowserAutomation -->
      </class> <!-- qacomp.mavenTest.SeleniumTest -->
    </test> <!-- Default test -->
  </suite> <!-- Default suite -->
</testng-results>
